Arguments: 
  /usr/local/bin/node /usr/local/bin/yarn

PATH: 
  /usr/local/bin:/usr/bin:/bin:/usr/sbin:/sbin

Yarn version: 
  1.22.17

Node version: 
  16.13.1

Platform: 
  darwin arm64

Trace: 
  Error: Failed to replace env in config: ${NPM_TOKEN}
      at /usr/local/lib/node_modules/yarn/lib/cli.js:99004:13
      at String.replace (<anonymous>)
      at envReplace (/usr/local/lib/node_modules/yarn/lib/cli.js:98999:16)
      at Function.normalizeConfig (/usr/local/lib/node_modules/yarn/lib/cli.js:31930:69)
      at NpmRegistry.<anonymous> (/usr/local/lib/node_modules/yarn/lib/cli.js:31960:34)
      at Generator.next (<anonymous>)
      at step (/usr/local/lib/node_modules/yarn/lib/cli.js:310:30)
      at /usr/local/lib/node_modules/yarn/lib/cli.js:321:13

npm manifest: 
  {
    "name": "@apeswapfinance/token-lists",
    "version": "1.0.330",
    "description": "",
    "main": "index.js",
    "scripts": {
      "test": "echo \"Error: no test specified\" && exit 1"
    },
    "files": [
      "lists"
    ],
    "repository": {
      "type": "git",
      "url": "git+https://github.com/ApeSwapFinance/apeswap-token-lists.git"
    },
    "author": "",
    "license": "ISC",
    "bugs": {
      "url": "https://github.com/ApeSwapFinance/apeswap-token-lists/issues"
    },
    "homepage": "https://github.com/ApeSwapFinance/apeswap-token-lists#readme"
  }

yarn manifest: 
  No manifest

Lockfile: 
  No lockfile
